<?xml version="1.0" encoding="UTF-8"?>
<testsuite xmlns:xsi="http://www.w3.org/2001/XMLSchema-instance" xsi:noNamespaceSchemaLocation="https://maven.apache.org/surefire/maven-surefire-plugin/xsd/surefire-test-report.xsd" version="3.0.2" name="com.example.demo.DemoApplicationTests" time="2.483" tests="1" errors="0" skipped="0" failures="0">
  <properties>
    <property name="java.specification.version" value="17"/>
    <property name="sun.jnu.encoding" value="UTF-8"/>
    <property name="java.class.path" value="/var/jenkins_home/demo/target/test-classes:/var/jenkins_home/demo/target/classes:/var/jenkins_home/.m2/repository/org/springframework/boot/spring-boot-starter-web/3.4.5/spring-boot-starter-web-3.4.5.jar:/var/jenkins_home/.m2/repository/org/springframework/boot/spring-boot-starter/3.4.5/spring-boot-starter-3.4.5.jar:/var/jenkins_home/.m2/repository/org/springframework/boot/spring-boot/3.4.5/spring-boot-3.4.5.jar:/var/jenkins_home/.m2/repository/org/springframework/boot/spring-boot-autoconfigure/3.4.5/spring-boot-autoconfigure-3.4.5.jar:/var/jenkins_home/.m2/repository/org/springframework/boot/spring-boot-starter-logging/3.4.5/spring-boot-starter-logging-3.4.5.jar:/var/jenkins_home/.m2/repository/ch/qos/logback/logback-classic/1.5.18/logback-classic-1.5.18.jar:/var/jenkins_home/.m2/repository/ch/qos/logback/logback-core/1.5.18/logback-core-1.5.18.jar:/var/jenkins_home/.m2/repository/org/apache/logging/log4j/log4j-to-slf4j/2.24.3/log4j-to-slf4j-2.24.3.jar:/var/jenkins_home/.m2/repository/org/apache/logging/log4j/log4j-api/2.24.3/log4j-api-2.24.3.jar:/var/jenkins_home/.m2/repository/org/slf4j/jul-to-slf4j/2.0.17/jul-to-slf4j-2.0.17.jar:/var/jenkins_home/.m2/repository/jakarta/annotation/jakarta.annotation-api/2.1.1/jakarta.annotation-api-2.1.1.jar:/var/jenkins_home/.m2/repository/org/yaml/snakeyaml/2.3/snakeyaml-2.3.jar:/var/jenkins_home/.m2/repository/org/springframework/boot/spring-boot-starter-json/3.4.5/spring-boot-starter-json-3.4.5.jar:/var/jenkins_home/.m2/repository/com/fasterxml/jackson/core/jackson-databind/2.18.3/jackson-databind-2.18.3.jar:/var/jenkins_home/.m2/repository/com/fasterxml/jackson/core/jackson-annotations/2.18.3/jackson-annotations-2.18.3.jar:/var/jenkins_home/.m2/repository/com/fasterxml/jackson/core/jackson-core/2.18.3/jackson-core-2.18.3.jar:/var/jenkins_home/.m2/repository/com/fasterxml/jackson/datatype/jackson-datatype-jdk8/2.18.3/jackson-datatype-jdk8-2.18.3.jar:/var/jenkins_home/.m2/repository/com/fasterxml/jackson/datatype/jackson-datatype-jsr310/2.18.3/jackson-datatype-jsr310-2.18.3.jar:/var/jenkins_home/.m2/repository/com/fasterxml/jackson/module/jackson-module-parameter-names/2.18.3/jackson-module-parameter-names-2.18.3.jar:/var/jenkins_home/.m2/repository/org/springframework/boot/spring-boot-starter-tomcat/3.4.5/spring-boot-starter-tomcat-3.4.5.jar:/var/jenkins_home/.m2/repository/org/apache/tomcat/embed/tomcat-embed-core/10.1.40/tomcat-embed-core-10.1.40.jar:/var/jenkins_home/.m2/repository/org/apache/tomcat/embed/tomcat-embed-el/10.1.40/tomcat-embed-el-10.1.40.jar:/var/jenkins_home/.m2/repository/org/apache/tomcat/embed/tomcat-embed-websocket/10.1.40/tomcat-embed-websocket-10.1.40.jar:/var/jenkins_home/.m2/repository/org/springframework/spring-web/6.2.6/spring-web-6.2.6.jar:/var/jenkins_home/.m2/repository/org/springframework/spring-beans/6.2.6/spring-beans-6.2.6.jar:/var/jenkins_home/.m2/repository/io/micrometer/micrometer-observation/1.14.6/micrometer-observation-1.14.6.jar:/var/jenkins_home/.m2/repository/io/micrometer/micrometer-commons/1.14.6/micrometer-commons-1.14.6.jar:/var/jenkins_home/.m2/repository/org/springframework/spring-webmvc/6.2.6/spring-webmvc-6.2.6.jar:/var/jenkins_home/.m2/repository/org/springframework/spring-aop/6.2.6/spring-aop-6.2.6.jar:/var/jenkins_home/.m2/repository/org/springframework/spring-context/6.2.6/spring-context-6.2.6.jar:/var/jenkins_home/.m2/repository/org/springframework/spring-expression/6.2.6/spring-expression-6.2.6.jar:/var/jenkins_home/.m2/repository/org/springframework/boot/spring-boot-starter-test/3.4.5/spring-boot-starter-test-3.4.5.jar:/var/jenkins_home/.m2/repository/org/springframework/boot/spring-boot-test/3.4.5/spring-boot-test-3.4.5.jar:/var/jenkins_home/.m2/repository/org/springframework/boot/spring-boot-test-autoconfigure/3.4.5/spring-boot-test-autoconfigure-3.4.5.jar:/var/jenkins_home/.m2/repository/com/jayway/jsonpath/json-path/2.9.0/json-path-2.9.0.jar:/var/jenkins_home/.m2/repository/org/slf4j/slf4j-api/2.0.17/slf4j-api-2.0.17.jar:/var/jenkins_home/.m2/repository/jakarta/xml/bind/jakarta.xml.bind-api/4.0.2/jakarta.xml.bind-api-4.0.2.jar:/var/jenkins_home/.m2/repository/jakarta/activation/jakarta.activation-api/2.1.3/jakarta.activation-api-2.1.3.jar:/var/jenkins_home/.m2/repository/net/minidev/json-smart/2.5.2/json-smart-2.5.2.jar:/var/jenkins_home/.m2/repository/net/minidev/accessors-smart/2.5.2/accessors-smart-2.5.2.jar:/var/jenkins_home/.m2/repository/org/ow2/asm/asm/9.7.1/asm-9.7.1.jar:/var/jenkins_home/.m2/repository/org/assertj/assertj-core/3.26.3/assertj-core-3.26.3.jar:/var/jenkins_home/.m2/repository/net/bytebuddy/byte-buddy/1.15.11/byte-buddy-1.15.11.jar:/var/jenkins_home/.m2/repository/org/awaitility/awaitility/4.2.2/awaitility-4.2.2.jar:/var/jenkins_home/.m2/repository/org/hamcrest/hamcrest/2.2/hamcrest-2.2.jar:/var/jenkins_home/.m2/repository/org/junit/jupiter/junit-jupiter/5.11.4/junit-jupiter-5.11.4.jar:/var/jenkins_home/.m2/repository/org/junit/jupiter/junit-jupiter-api/5.11.4/junit-jupiter-api-5.11.4.jar:/var/jenkins_home/.m2/repository/org/opentest4j/opentest4j/1.3.0/opentest4j-1.3.0.jar:/var/jenkins_home/.m2/repository/org/junit/platform/junit-platform-commons/1.11.4/junit-platform-commons-1.11.4.jar:/var/jenkins_home/.m2/repository/org/apiguardian/apiguardian-api/1.1.2/apiguardian-api-1.1.2.jar:/var/jenkins_home/.m2/repository/org/junit/jupiter/junit-jupiter-params/5.11.4/junit-jupiter-params-5.11.4.jar:/var/jenkins_home/.m2/repository/org/junit/jupiter/junit-jupiter-engine/5.11.4/junit-jupiter-engine-5.11.4.jar:/var/jenkins_home/.m2/repository/org/junit/platform/junit-platform-engine/1.11.4/junit-platform-engine-1.11.4.jar:/var/jenkins_home/.m2/repository/org/mockito/mockito-core/5.14.2/mockito-core-5.14.2.jar:/var/jenkins_home/.m2/repository/net/bytebuddy/byte-buddy-agent/1.15.11/byte-buddy-agent-1.15.11.jar:/var/jenkins_home/.m2/repository/org/objenesis/objenesis/3.3/objenesis-3.3.jar:/var/jenkins_home/.m2/repository/org/mockito/mockito-junit-jupiter/5.14.2/mockito-junit-jupiter-5.14.2.jar:/var/jenkins_home/.m2/repository/org/skyscreamer/jsonassert/1.5.3/jsonassert-1.5.3.jar:/var/jenkins_home/.m2/repository/com/vaadin/external/google/android-json/0.0.20131108.vaadin1/android-json-0.0.20131108.vaadin1.jar:/var/jenkins_home/.m2/repository/org/springframework/spring-core/6.2.6/spring-core-6.2.6.jar:/var/jenkins_home/.m2/repository/org/springframework/spring-jcl/6.2.6/spring-jcl-6.2.6.jar:/var/jenkins_home/.m2/repository/org/springframework/spring-test/6.2.6/spring-test-6.2.6.jar:/var/jenkins_home/.m2/repository/org/xmlunit/xmlunit-core/2.10.0/xmlunit-core-2.10.0.jar:"/>
    <property name="java.vm.vendor" value="Eclipse Adoptium"/>
    <property name="sun.arch.data.model" value="64"/>
    <property name="java.vendor.url" value="https://adoptium.net/"/>
    <property name="user.timezone" value="Etc/UTC"/>
    <property name="os.name" value="Linux"/>
    <property name="java.vm.specification.version" value="17"/>
    <property name="APPLICATION_NAME" value="demo"/>
    <property name="sun.java.launcher" value="SUN_STANDARD"/>
    <property name="sun.boot.library.path" value="/opt/java/openjdk/lib"/>
    <property name="sun.java.command" value="/var/jenkins_home/demo/target/surefire/surefirebooter-20250505124653079_3.jar /var/jenkins_home/demo/target/surefire 2025-05-05T12-46-53_027-jvmRun1 surefire-20250505124653079_1tmp surefire_0-20250505124653079_2tmp"/>
    <property name="jdk.debug" value="release"/>
    <property name="surefire.test.class.path" value="/var/jenkins_home/demo/target/test-classes:/var/jenkins_home/demo/target/classes:/var/jenkins_home/.m2/repository/org/springframework/boot/spring-boot-starter-web/3.4.5/spring-boot-starter-web-3.4.5.jar:/var/jenkins_home/.m2/repository/org/springframework/boot/spring-boot-starter/3.4.5/spring-boot-starter-3.4.5.jar:/var/jenkins_home/.m2/repository/org/springframework/boot/spring-boot/3.4.5/spring-boot-3.4.5.jar:/var/jenkins_home/.m2/repository/org/springframework/boot/spring-boot-autoconfigure/3.4.5/spring-boot-autoconfigure-3.4.5.jar:/var/jenkins_home/.m2/repository/org/springframework/boot/spring-boot-starter-logging/3.4.5/spring-boot-starter-logging-3.4.5.jar:/var/jenkins_home/.m2/repository/ch/qos/logback/logback-classic/1.5.18/logback-classic-1.5.18.jar:/var/jenkins_home/.m2/repository/ch/qos/logback/logback-core/1.5.18/logback-core-1.5.18.jar:/var/jenkins_home/.m2/repository/org/apache/logging/log4j/log4j-to-slf4j/2.24.3/log4j-to-slf4j-2.24.3.jar:/var/jenkins_home/.m2/repository/org/apache/logging/log4j/log4j-api/2.24.3/log4j-api-2.24.3.jar:/var/jenkins_home/.m2/repository/org/slf4j/jul-to-slf4j/2.0.17/jul-to-slf4j-2.0.17.jar:/var/jenkins_home/.m2/repository/jakarta/annotation/jakarta.annotation-api/2.1.1/jakarta.annotation-api-2.1.1.jar:/var/jenkins_home/.m2/repository/org/yaml/snakeyaml/2.3/snakeyaml-2.3.jar:/var/jenkins_home/.m2/repository/org/springframework/boot/spring-boot-starter-json/3.4.5/spring-boot-starter-json-3.4.5.jar:/var/jenkins_home/.m2/repository/com/fasterxml/jackson/core/jackson-databind/2.18.3/jackson-databind-2.18.3.jar:/var/jenkins_home/.m2/repository/com/fasterxml/jackson/core/jackson-annotations/2.18.3/jackson-annotations-2.18.3.jar:/var/jenkins_home/.m2/repository/com/fasterxml/jackson/core/jackson-core/2.18.3/jackson-core-2.18.3.jar:/var/jenkins_home/.m2/repository/com/fasterxml/jackson/datatype/jackson-datatype-jdk8/2.18.3/jackson-datatype-jdk8-2.18.3.jar:/var/jenkins_home/.m2/repository/com/fasterxml/jackson/datatype/jackson-datatype-jsr310/2.18.3/jackson-datatype-jsr310-2.18.3.jar:/var/jenkins_home/.m2/repository/com/fasterxml/jackson/module/jackson-module-parameter-names/2.18.3/jackson-module-parameter-names-2.18.3.jar:/var/jenkins_home/.m2/repository/org/springframework/boot/spring-boot-starter-tomcat/3.4.5/spring-boot-starter-tomcat-3.4.5.jar:/var/jenkins_home/.m2/repository/org/apache/tomcat/embed/tomcat-embed-core/10.1.40/tomcat-embed-core-10.1.40.jar:/var/jenkins_home/.m2/repository/org/apache/tomcat/embed/tomcat-embed-el/10.1.40/tomcat-embed-el-10.1.40.jar:/var/jenkins_home/.m2/repository/org/apache/tomcat/embed/tomcat-embed-websocket/10.1.40/tomcat-embed-websocket-10.1.40.jar:/var/jenkins_home/.m2/repository/org/springframework/spring-web/6.2.6/spring-web-6.2.6.jar:/var/jenkins_home/.m2/repository/org/springframework/spring-beans/6.2.6/spring-beans-6.2.6.jar:/var/jenkins_home/.m2/repository/io/micrometer/micrometer-observation/1.14.6/micrometer-observation-1.14.6.jar:/var/jenkins_home/.m2/repository/io/micrometer/micrometer-commons/1.14.6/micrometer-commons-1.14.6.jar:/var/jenkins_home/.m2/repository/org/springframework/spring-webmvc/6.2.6/spring-webmvc-6.2.6.jar:/var/jenkins_home/.m2/repository/org/springframework/spring-aop/6.2.6/spring-aop-6.2.6.jar:/var/jenkins_home/.m2/repository/org/springframework/spring-context/6.2.6/spring-context-6.2.6.jar:/var/jenkins_home/.m2/repository/org/springframework/spring-expression/6.2.6/spring-expression-6.2.6.jar:/var/jenkins_home/.m2/repository/org/springframework/boot/spring-boot-starter-test/3.4.5/spring-boot-starter-test-3.4.5.jar:/var/jenkins_home/.m2/repository/org/springframework/boot/spring-boot-test/3.4.5/spring-boot-test-3.4.5.jar:/var/jenkins_home/.m2/repository/org/springframework/boot/spring-boot-test-autoconfigure/3.4.5/spring-boot-test-autoconfigure-3.4.5.jar:/var/jenkins_home/.m2/repository/com/jayway/jsonpath/json-path/2.9.0/json-path-2.9.0.jar:/var/jenkins_home/.m2/repository/org/slf4j/slf4j-api/2.0.17/slf4j-api-2.0.17.jar:/var/jenkins_home/.m2/repository/jakarta/xml/bind/jakarta.xml.bind-api/4.0.2/jakarta.xml.bind-api-4.0.2.jar:/var/jenkins_home/.m2/repository/jakarta/activation/jakarta.activation-api/2.1.3/jakarta.activation-api-2.1.3.jar:/var/jenkins_home/.m2/repository/net/minidev/json-smart/2.5.2/json-smart-2.5.2.jar:/var/jenkins_home/.m2/repository/net/minidev/accessors-smart/2.5.2/accessors-smart-2.5.2.jar:/var/jenkins_home/.m2/repository/org/ow2/asm/asm/9.7.1/asm-9.7.1.jar:/var/jenkins_home/.m2/repository/org/assertj/assertj-core/3.26.3/assertj-core-3.26.3.jar:/var/jenkins_home/.m2/repository/net/bytebuddy/byte-buddy/1.15.11/byte-buddy-1.15.11.jar:/var/jenkins_home/.m2/repository/org/awaitility/awaitility/4.2.2/awaitility-4.2.2.jar:/var/jenkins_home/.m2/repository/org/hamcrest/hamcrest/2.2/hamcrest-2.2.jar:/var/jenkins_home/.m2/repository/org/junit/jupiter/junit-jupiter/5.11.4/junit-jupiter-5.11.4.jar:/var/jenkins_home/.m2/repository/org/junit/jupiter/junit-jupiter-api/5.11.4/junit-jupiter-api-5.11.4.jar:/var/jenkins_home/.m2/repository/org/opentest4j/opentest4j/1.3.0/opentest4j-1.3.0.jar:/var/jenkins_home/.m2/repository/org/junit/platform/junit-platform-commons/1.11.4/junit-platform-commons-1.11.4.jar:/var/jenkins_home/.m2/repository/org/apiguardian/apiguardian-api/1.1.2/apiguardian-api-1.1.2.jar:/var/jenkins_home/.m2/repository/org/junit/jupiter/junit-jupiter-params/5.11.4/junit-jupiter-params-5.11.4.jar:/var/jenkins_home/.m2/repository/org/junit/jupiter/junit-jupiter-engine/5.11.4/junit-jupiter-engine-5.11.4.jar:/var/jenkins_home/.m2/repository/org/junit/platform/junit-platform-engine/1.11.4/junit-platform-engine-1.11.4.jar:/var/jenkins_home/.m2/repository/org/mockito/mockito-core/5.14.2/mockito-core-5.14.2.jar:/var/jenkins_home/.m2/repository/net/bytebuddy/byte-buddy-agent/1.15.11/byte-buddy-agent-1.15.11.jar:/var/jenkins_home/.m2/repository/org/objenesis/objenesis/3.3/objenesis-3.3.jar:/var/jenkins_home/.m2/repository/org/mockito/mockito-junit-jupiter/5.14.2/mockito-junit-jupiter-5.14.2.jar:/var/jenkins_home/.m2/repository/org/skyscreamer/jsonassert/1.5.3/jsonassert-1.5.3.jar:/var/jenkins_home/.m2/repository/com/vaadin/external/google/android-json/0.0.20131108.vaadin1/android-json-0.0.20131108.vaadin1.jar:/var/jenkins_home/.m2/repository/org/springframework/spring-core/6.2.6/spring-core-6.2.6.jar:/var/jenkins_home/.m2/repository/org/springframework/spring-jcl/6.2.6/spring-jcl-6.2.6.jar:/var/jenkins_home/.m2/repository/org/springframework/spring-test/6.2.6/spring-test-6.2.6.jar:/var/jenkins_home/.m2/repository/org/xmlunit/xmlunit-core/2.10.0/xmlunit-core-2.10.0.jar:"/>
    <property name="sun.cpu.endian" value="little"/>
    <property name="user.home" value="/var/jenkins_home"/>
    <property name="user.language" value="en"/>
    <property name="java.specification.vendor" value="Oracle Corporation"/>
    <property name="java.version.date" value="2025-04-15"/>
    <property name="java.home" value="/opt/java/openjdk"/>
    <property name="file.separator" value="/"/>
    <property name="basedir" value="/var/jenkins_home/demo"/>
    <property name="java.vm.compressedOopsMode" value="32-bit"/>
    <property name="line.separator" value="&#10;"/>
    <property name="java.specification.name" value="Java Platform API Specification"/>
    <property name="java.vm.specification.vendor" value="Oracle Corporation"/>
    <property name="FILE_LOG_CHARSET" value="UTF-8"/>
    <property name="java.awt.headless" value="true"/>
    <property name="surefire.real.class.path" value="/var/jenkins_home/demo/target/surefire/surefirebooter-20250505124653079_3.jar"/>
    <property name="sun.management.compiler" value="HotSpot 64-Bit Tiered Compilers"/>
    <property name="java.runtime.version" value="17.0.15+6"/>
    <property name="user.name" value="jenkins"/>
    <property name="path.separator" value=":"/>
    <property name="os.version" value="6.11.0-24-generic"/>
    <property name="java.runtime.name" value="OpenJDK Runtime Environment"/>
    <property name="file.encoding" value="UTF-8"/>
    <property name="java.vm.name" value="OpenJDK 64-Bit Server VM"/>
    <property name="java.vendor.version" value="Temurin-17.0.15+6"/>
    <property name="localRepository" value="/var/jenkins_home/.m2/repository"/>
    <property name="java.vendor.url.bug" value="https://github.com/adoptium/adoptium-support/issues"/>
    <property name="java.io.tmpdir" value="/tmp"/>
    <property name="java.version" value="17.0.15"/>
    <property name="user.dir" value="/var/jenkins_home/demo"/>
    <property name="os.arch" value="amd64"/>
    <property name="java.vm.specification.name" value="Java Virtual Machine Specification"/>
    <property name="PID" value="1768"/>
    <property name="CONSOLE_LOG_CHARSET" value="UTF-8"/>
    <property name="native.encoding" value="UTF-8"/>
    <property name="java.library.path" value="/usr/java/packages/lib:/usr/lib64:/lib64:/lib:/usr/lib"/>
    <property name="java.vm.info" value="mixed mode"/>
    <property name="java.vendor" value="Eclipse Adoptium"/>
    <property name="java.vm.version" value="17.0.15+6"/>
    <property name="java.specification.maintenance.version" value="1"/>
    <property name="sun.io.unicode.encoding" value="UnicodeLittle"/>
    <property name="java.class.version" value="61.0"/>
    <property name="LOGGED_APPLICATION_NAME" value="[demo] "/>
  </properties>
  <testcase name="contextLoads" classname="com.example.demo.DemoApplicationTests" time="0.89">
    <system-out><![CDATA[12:46:53.582 [main] INFO org.springframework.test.context.support.AnnotationConfigContextLoaderUtils -- Could not detect default configuration classes for test class [com.example.demo.DemoApplicationTests]: DemoApplicationTests does not declare any static, non-private, non-final, nested classes annotated with @Configuration.
12:46:53.649 [main] INFO org.springframework.boot.test.context.SpringBootTestContextBootstrapper -- Found @SpringBootConfiguration com.example.demo.DemoApplication for test class com.example.demo.DemoApplicationTests

  .   ____          _            __ _ _
 /\\ / ___'_ __ _ _(_)_ __  __ _ \ \ \ \
( ( )\___ | '_ | '_| | '_ \/ _` | \ \ \ \
 \\/  ___)| |_)| | | | | || (_| |  ) ) ) )
  '  |____| .__|_| |_|_| |_\__, | / / / /
 =========|_|==============|___/=/_/_/_/

 :: Spring Boot ::                (v3.4.5)

2025-05-05T12:46:54.092Z  INFO 1768 --- [demo] [           main] com.example.demo.DemoApplicationTests    : Starting DemoApplicationTests using Java 17.0.15 with PID 1768 (started by jenkins in /var/jenkins_home/demo)
2025-05-05T12:46:54.093Z  INFO 1768 --- [demo] [           main] com.example.demo.DemoApplicationTests    : No active profile set, falling back to 1 default profile: "default"
2025-05-05T12:46:54.973Z  INFO 1768 --- [demo] [           main] com.example.demo.DemoApplicationTests    : Started DemoApplicationTests in 1.232 seconds (process running for 1.857)
]]></system-out>
  </testcase>
</testsuite>